<?xml version="1.0" encoding="UTF-8"?>
<!-- Generated by org.testng.reporters.JUnitReportReporter -->
<testsuite hostname="inbl01lap04326" failures="0" tests="1" name="com.demo.test.HomePage" time="15.356" errors="0" timestamp="2023-08-28T14:57:52 IST" skipped="0">
  <testcase classname="com.demo.test.HomePage" name="test3" time="15.356"/>
</testsuite> <!-- com.demo.test.HomePage -->
