<?xml version="1.0" encoding="UTF-8"?>
<!-- Generated by org.testng.reporters.JUnitReportReporter -->
<testsuite hostname="inbl01lap04326" failures="0" tests="1" name="com.demo.test.OrangeHRMTest2" time="22.511" errors="0" timestamp="2023-08-29T14:11:00 IST" skipped="0">
  <testcase classname="com.demo.test.OrangeHRMTest2" name="loginLogouttest" time="22.511"/>
</testsuite> <!-- com.demo.test.OrangeHRMTest2 -->
