<?xml version="1.0" encoding="UTF-8"?>
<!-- Generated by org.testng.reporters.JUnitReportReporter -->
<testsuite hostname="inbl01lap04326" failures="0" tests="1" name="com.demo.utils.ExcelUtils" time="1.018" errors="0" timestamp="2023-09-01T13:30:43 IST" skipped="0">
  <testcase classname="com.demo.utils.ExcelUtils" name="getTestDetails" time="1.018"/>
</testsuite> <!-- com.demo.utils.ExcelUtils -->
